<?xml version="1.0" encoding="UTF-8" ?>
<testsuite tests="51" failures="0" name="TestSuite" time="8.7" errors="0" skipped="0">
  <properties>
[...]
</properties>
  <testcase classname="com.suprun.periodicals.service.entity.SubscriptionBinTest" name="addItemTest" time="0.032"/>
  <testcase classname="com.suprun.periodicals.service.entity.SubscriptionBinTest" name="getItemsTest" time="0.022"/>
  <testcase classname="com.suprun.periodicals.service.entity.SubscriptionBinTest" name="getTotalPriceTest" time="0.015"/>
  <testcase classname="com.suprun.periodicals.service.entity.SubscriptionBinTest" name="isHasSuspendedPeriodicalTest" time="0"/>
  <testcase classname="com.suprun.periodicals.service.entity.SubscriptionBinTest" name="removeItemInvalidIdTest" time="0.016"/>
  <testcase classname="com.suprun.periodicals.service.entity.SubscriptionBinTest" name="removeItemTest" time="0"/>
  <testcase classname="com.suprun.periodicals.service.entity.SubscriptionBinTest" name="updateItemWithAnotherItemTest" time="0.016"/>
  <testcase classname="com.suprun.periodicals.service.entity.SubscriptionBinTest" name="updateItemWithSameItemTest" time="0"/>
  <testcase classname="com.suprun.periodicals.service.PaymentServiceTest" name="createPayment" time="0.248"/>
  <testcase classname="com.suprun.periodicals.service.PaymentServiceTest" name="findAllPaymentsTest" time="0"/>
  <testcase classname="com.suprun.periodicals.service.PaymentServiceTest" name="findPaymentByIdWithExistingPaymentTest" time="0.016"/>
  <testcase classname="com.suprun.periodicals.service.PaymentServiceTest" name="findPaymentByIdWithNotExistingPaymentTest" time="0.007"/>
  <testcase classname="com.suprun.periodicals.service.PaymentServiceTest" name="getPaymentsCountTest" time="0.011"/>
  <testcase classname="com.suprun.periodicals.service.PeriodicalServiceTest" name="changeStatusOnAnotherStatusTest" time="0.001"/>
  <testcase classname="com.suprun.periodicals.service.PeriodicalServiceTest" name="changeStatusOnSameStatusTest" time="0.003"/>
  <testcase classname="com.suprun.periodicals.service.PeriodicalServiceTest" name="createPeriodicalTest" time="7.104"/>
  <testcase classname="com.suprun.periodicals.service.PeriodicalServiceTest" name="findAllFrequenciesTest" time="0.007"/>
  <testcase classname="com.suprun.periodicals.service.PeriodicalServiceTest" name="findAllPeriodicalTypesTest" time="0.012"/>
  <testcase classname="com.suprun.periodicals.service.PeriodicalServiceTest" name="findAllPeriodicalsByStatusTest" time="0.007"/>
  <testcase classname="com.suprun.periodicals.service.PeriodicalServiceTest" name="findAllPeriodicalsTest" time="0.007"/>
  <testcase classname="com.suprun.periodicals.service.PeriodicalServiceTest" name="findAllPublishersTest" time="0.013"/>
  <testcase classname="com.suprun.periodicals.service.PeriodicalServiceTest" name="findPeriodicalByIdWithExistingPeriodicalTest" time="0.005"/>
  <testcase classname="com.suprun.periodicals.service.PeriodicalServiceTest" name="findPeriodicalByIdWithNotExistingPeriodicalTest" time="0.004"/>
  <testcase classname="com.suprun.periodicals.service.PeriodicalServiceTest" name="getPeriodicalsCountByStatusTest" time="0.004"/>
  <testcase classname="com.suprun.periodicals.service.PeriodicalServiceTest" name="getPeriodicalsCountTest" time="0.002"/>
  <testcase classname="com.suprun.periodicals.service.PeriodicalServiceTest" name="updatePeriodicalTest" time="0.002"/>
  <testcase classname="com.suprun.periodicals.service.SubscriptionBinServiceTest" name="addItemToCartTest" time="0.029"/>
  <testcase classname="com.suprun.periodicals.service.SubscriptionBinServiceTest" name="removeAllItemFromCartTest" time="0.01"/>
  <testcase classname="com.suprun.periodicals.service.SubscriptionBinServiceTest" name="removeItemFromCartTest" time="0.011"/>
  <testcase classname="com.suprun.periodicals.service.SubscriptionBinServiceTest" name="updateShoppingCartItemsFromDatabaseTest" time="0.006"/>
  <testcase classname="com.suprun.periodicals.service.SubscriptionBinServiceTest" name="updateShoppingCartItemsFromDatabaseWithExceptionTest" time="0.031"/>
  <testcase classname="com.suprun.periodicals.service.SubscriptionServiceTest" name="findAllSubscriptionPlans" time="0.014"/>
  <testcase classname="com.suprun.periodicals.service.SubscriptionServiceTest" name="findAllSubscriptionsByPaymentWithExistingSubscriptionsTest" time="0.012"/>
  <testcase classname="com.suprun.periodicals.service.SubscriptionServiceTest" name="findAllSubscriptionsByPaymentWithNotExistingSubscriptionsTest" time="0.038"/>
  <testcase classname="com.suprun.periodicals.service.SubscriptionServiceTest" name="findAllSubscriptionsByUserAndStatusTest" time="0.007"/>
  <testcase classname="com.suprun.periodicals.service.SubscriptionServiceTest" name="findSubscriptionPeriodByIdWithExistingSubscriptionPeriodTest" time="0.039"/>
  <testcase classname="com.suprun.periodicals.service.SubscriptionServiceTest" name="findSubscriptionPlanByIdWithNotExistingSubscriptionPlanTest" time="0.004"/>
  <testcase classname="com.suprun.periodicals.service.SubscriptionServiceTest" name="getSubscriptionsCountByUserAndStatusTest" time="0.003"/>
  <testcase classname="com.suprun.periodicals.service.SubscriptionServiceTest" name="isAlreadySubscribed" time="0.004"/>
  <testcase classname="com.suprun.periodicals.service.SubscriptionServiceTest" name="processSubscriptionsTestWithNotValidData" time="0.004"/>
  <testcase classname="com.suprun.periodicals.service.UserServiceTest" name="findUserByIdWithExistingUserTest" time="0.004"/>
  <testcase classname="com.suprun.periodicals.service.UserServiceTest" name="findUserByIdWithNotExistingUserTest" time="0.005"/>
  <testcase classname="com.suprun.periodicals.service.UserServiceTest" name="registerUserWithNullEmailTest" time="0.004"/>
  <testcase classname="com.suprun.periodicals.service.UserServiceTest" name="registerUserWithNullPasswordTest" time="0.002"/>
  <testcase classname="com.suprun.periodicals.service.UserServiceTest" name="registerUserWithSameEmailTest" time="0.003"/>
  <testcase classname="com.suprun.periodicals.service.UserServiceTest" name="registerUserWithValidParametersTest" time="0.54"/>
  <testcase classname="com.suprun.periodicals.service.UserServiceTest" name="signInWithCorrectEmailAndPasswordTest" time="0.242"/>
  <testcase classname="com.suprun.periodicals.service.UserServiceTest" name="signInWithNullEmailTest" time="0.01"/>
  <testcase classname="com.suprun.periodicals.service.UserServiceTest" name="signInWithNullPasswordTest" time="0.004"/>
  <testcase classname="com.suprun.periodicals.service.UserServiceTest" name="signInWithWrongEmailTest" time="0.006"/>
  <testcase classname="com.suprun.periodicals.service.UserServiceTest" name="signInWithWrongPasswordTest" time="0.114"/>
</testsuite>