<?xml version="1.0" encoding="UTF-8" ?>
<testsuite tests="51" failures="2" name="TestSuite" time="1.737" errors="0" skipped="0">
  <properties>
[...]
</properties>
  <testcase classname="com.suprun.periodicals.service.entity.SubscriptionBinTest" name="addItemTest" time="0.008"/>
  <testcase classname="com.suprun.periodicals.service.entity.SubscriptionBinTest" name="getItemsTest" time="0.005"/>
  <testcase classname="com.suprun.periodicals.service.entity.SubscriptionBinTest" name="getTotalPriceTest" time="0.005"/>
  <testcase classname="com.suprun.periodicals.service.entity.SubscriptionBinTest" name="isHasSuspendedPeriodicalTest" time="0.001"/>
  <testcase classname="com.suprun.periodicals.service.entity.SubscriptionBinTest" name="removeItemInvalidIdTest" time="0.001"/>
  <testcase classname="com.suprun.periodicals.service.entity.SubscriptionBinTest" name="removeItemTest" time="0"/>
  <testcase classname="com.suprun.periodicals.service.entity.SubscriptionBinTest" name="updateItemWithAnotherItemTest" time="0.002"/>
  <testcase classname="com.suprun.periodicals.service.entity.SubscriptionBinTest" name="updateItemWithSameItemTest" time="0.002"/>
  <testcase classname="com.suprun.periodicals.service.PaymentServiceTest" name="createPayment" time="0.044"/>
  <testcase classname="com.suprun.periodicals.service.PaymentServiceTest" name="findAllPaymentsTest" time="0.002"/>
  <testcase classname="com.suprun.periodicals.service.PaymentServiceTest" name="findPaymentByIdWithExistingPaymentTest" time="0.001"/>
  <testcase classname="com.suprun.periodicals.service.PaymentServiceTest" name="findPaymentByIdWithNotExistingPaymentTest" time="0.001"/>
  <testcase classname="com.suprun.periodicals.service.PaymentServiceTest" name="getPaymentsCountTest" time="0.001"/>
  <testcase classname="com.suprun.periodicals.service.PeriodicalServiceTest" name="changeStatusOnAnotherStatusTest" time="0.004"/>
  <testcase classname="com.suprun.periodicals.service.PeriodicalServiceTest" name="changeStatusOnSameStatusTest" time="0.001"/>
  <testcase classname="com.suprun.periodicals.service.PeriodicalServiceTest" name="createPeriodicalTest" time="1.33">
    <failure type="java.lang.NullPointerException">java.lang.NullPointerException
	at com.suprun.periodicals.dao.connection.ConnectionPool.getConnection(ConnectionPool.java:95)
	at com.suprun.periodicals.dao.connection.ConnectionProxy.getConnection(ConnectionProxy.java:47)
	at com.suprun.periodicals.dao.transaction.TransactionSupport.initConnection(TransactionSupport.java:130)
	at com.suprun.periodicals.dao.transaction.TransactionSupport.prepareConnectionForTransaction(TransactionSupport.java:48)
	at com.suprun.periodicals.dao.transaction.Transaction.doTransaction(Transaction.java:62)
	at com.suprun.periodicals.dao.transaction.Transaction.doTransaction(Transaction.java:46)
	at com.suprun.periodicals.service.PeriodicalService.createPeriodical(PeriodicalService.java:55)
	at com.suprun.periodicals.service.PeriodicalServiceTest.createPeriodicalTest(PeriodicalServiceTest.java:51)
</failure>
    <system-out>2021-02-03 10:22:29.777 - DEBUG: [main] com.suprun.periodicals.service.PeriodicalService:50 - Attempt to create periodical
2021-02-03 10:22:29.782 - DEBUG: [main] com.suprun.periodicals.dao.transaction.Transaction:61 - Transaction begin
2021-02-03 10:22:29.785 - DEBUG: [main] com.suprun.periodicals.dao.connection.ConnectionProxy:46 - ConnectionProxy is null
Error
</system-out>
  </testcase>
  <testcase classname="com.suprun.periodicals.service.PeriodicalServiceTest" name="findAllFrequenciesTest" time="0.01"/>
  <testcase classname="com.suprun.periodicals.service.PeriodicalServiceTest" name="findAllPeriodicalTypesTest" time="0.017"/>
  <testcase classname="com.suprun.periodicals.service.PeriodicalServiceTest" name="findAllPeriodicalsByStatusTest" time="0.002"/>
  <testcase classname="com.suprun.periodicals.service.PeriodicalServiceTest" name="findAllPeriodicalsTest" time="0.009"/>
  <testcase classname="com.suprun.periodicals.service.PeriodicalServiceTest" name="findAllPublishersTest" time="0.002"/>
  <testcase classname="com.suprun.periodicals.service.PeriodicalServiceTest" name="findPeriodicalByIdWithExistingPeriodicalTest" time="0.001"/>
  <testcase classname="com.suprun.periodicals.service.PeriodicalServiceTest" name="findPeriodicalByIdWithNotExistingPeriodicalTest" time="0"/>
  <testcase classname="com.suprun.periodicals.service.PeriodicalServiceTest" name="getPeriodicalsCountByStatusTest" time="0.001"/>
  <testcase classname="com.suprun.periodicals.service.PeriodicalServiceTest" name="getPeriodicalsCountTest" time="0.001"/>
  <testcase classname="com.suprun.periodicals.service.PeriodicalServiceTest" name="updatePeriodicalTest" time="0.003">
    <failure type="java.lang.NullPointerException">java.lang.NullPointerException
	at com.suprun.periodicals.dao.connection.ConnectionPool.getConnection(ConnectionPool.java:95)
	at com.suprun.periodicals.dao.connection.ConnectionProxy.getConnection(ConnectionProxy.java:47)
	at com.suprun.periodicals.dao.transaction.TransactionSupport.initConnection(TransactionSupport.java:130)
	at com.suprun.periodicals.dao.transaction.TransactionSupport.prepareConnectionForTransaction(TransactionSupport.java:48)
	at com.suprun.periodicals.dao.transaction.Transaction.doTransaction(Transaction.java:62)
	at com.suprun.periodicals.dao.transaction.Transaction.doTransaction(Transaction.java:46)
	at com.suprun.periodicals.service.PeriodicalService.updatePeriodical(PeriodicalService.java:78)
	at com.suprun.periodicals.service.PeriodicalServiceTest.updatePeriodicalTest(PeriodicalServiceTest.java:60)
</failure>
    <system-out>2021-02-03 10:22:31.160 - DEBUG: [main] com.suprun.periodicals.service.PeriodicalService:73 - Attempt to update periodical
2021-02-03 10:22:31.161 - DEBUG: [main] com.suprun.periodicals.dao.transaction.Transaction:61 - Transaction begin
2021-02-03 10:22:31.161 - DEBUG: [main] com.suprun.periodicals.dao.connection.ConnectionProxy:46 - ConnectionProxy is null
Error
</system-out>
  </testcase>
  <testcase classname="com.suprun.periodicals.service.SubscriptionBinServiceTest" name="addItemToCartTest" time="0.004"/>
  <testcase classname="com.suprun.periodicals.service.SubscriptionBinServiceTest" name="removeAllItemFromCartTest" time="0.003"/>
  <testcase classname="com.suprun.periodicals.service.SubscriptionBinServiceTest" name="removeItemFromCartTest" time="0.001"/>
  <testcase classname="com.suprun.periodicals.service.SubscriptionBinServiceTest" name="updateShoppingCartItemsFromDatabaseTest" time="0.007"/>
  <testcase classname="com.suprun.periodicals.service.SubscriptionBinServiceTest" name="updateShoppingCartItemsFromDatabaseWithExceptionTest" time="0.005"/>
  <testcase classname="com.suprun.periodicals.service.SubscriptionServiceTest" name="findAllSubscriptionPlans" time="0.002"/>
  <testcase classname="com.suprun.periodicals.service.SubscriptionServiceTest" name="findAllSubscriptionsByPaymentWithExistingSubscriptionsTest" time="0.002"/>
  <testcase classname="com.suprun.periodicals.service.SubscriptionServiceTest" name="findAllSubscriptionsByPaymentWithNotExistingSubscriptionsTest" time="0.004"/>
  <testcase classname="com.suprun.periodicals.service.SubscriptionServiceTest" name="findAllSubscriptionsByUserAndStatusTest" time="0.003"/>
  <testcase classname="com.suprun.periodicals.service.SubscriptionServiceTest" name="findSubscriptionPeriodByIdWithExistingSubscriptionPeriodTest" time="0.001"/>
  <testcase classname="com.suprun.periodicals.service.SubscriptionServiceTest" name="findSubscriptionPlanByIdWithNotExistingSubscriptionPlanTest" time="0.001"/>
  <testcase classname="com.suprun.periodicals.service.SubscriptionServiceTest" name="getSubscriptionsCountByUserAndStatusTest" time="0.001"/>
  <testcase classname="com.suprun.periodicals.service.SubscriptionServiceTest" name="isAlreadySubscribed" time="0.001"/>
  <testcase classname="com.suprun.periodicals.service.SubscriptionServiceTest" name="processSubscriptionsTestWithNotValidData" time="0.001"/>
  <testcase classname="com.suprun.periodicals.service.UserServiceTest" name="findUserByIdWithExistingUserTest" time="0.001"/>
  <testcase classname="com.suprun.periodicals.service.UserServiceTest" name="findUserByIdWithNotExistingUserTest" time="0.002"/>
  <testcase classname="com.suprun.periodicals.service.UserServiceTest" name="registerUserWithNullEmailTest" time="0.001"/>
  <testcase classname="com.suprun.periodicals.service.UserServiceTest" name="registerUserWithNullPasswordTest" time="0.001"/>
  <testcase classname="com.suprun.periodicals.service.UserServiceTest" name="registerUserWithSameEmailTest" time="0.002"/>
  <testcase classname="com.suprun.periodicals.service.UserServiceTest" name="registerUserWithValidParametersTest" time="0.13"/>
  <testcase classname="com.suprun.periodicals.service.UserServiceTest" name="signInWithCorrectEmailAndPasswordTest" time="0.056"/>
  <testcase classname="com.suprun.periodicals.service.UserServiceTest" name="signInWithNullEmailTest" time="0.001"/>
  <testcase classname="com.suprun.periodicals.service.UserServiceTest" name="signInWithNullPasswordTest" time="0.001"/>
  <testcase classname="com.suprun.periodicals.service.UserServiceTest" name="signInWithWrongEmailTest" time="0"/>
  <testcase classname="com.suprun.periodicals.service.UserServiceTest" name="signInWithWrongPasswordTest" time="0.052"/>
</testsuite>